# JRE version: Java(TM) SE Runtime Environment (16.0.2+7) (build 16.0.2+7-67)
# Java VM: Java HotSpot(TM) 64-Bit Server VM (16.0.2+7-67, mixed mode, sharing, tiered, compressed oops, compressed class ptrs, g1 gc, windows-amd64)
GC Precious Log:
 CPUs: 8 total, 8 available
 Memory: 14284M
 Large Page Support: Disabled
 NUMA Support: Disabled
 Compressed Oops: Enabled (Zero based)
 Heap Region Size: 2M
 Heap Min Capacity: 8M
 Heap Initial Capacity: 224M
 Heap Max Capacity: 3572M
 Pre-touch: Disabled
 Parallel Workers: 8
 Concurrent Workers: 2
 Concurrent Refinement Workers: 8
 Periodic GC: Disabled
Heap:
 garbage-first heap   total 73728K, used 40459K [0x0000000720c00000, 0x0000000800000000)
  region size 2048K, 3 young (6144K), 2 survivors (4096K)
 Metaspace       used 27382K, committed 27648K, reserved 1081344K
  class space    used 3591K, committed 3712K, reserved 1048576K
GC Heap History (10 events):
Event: 0.498 GC heap before
{Heap before GC invocations=0 (full 0):
 garbage-first heap   total 229376K, used 22528K [0x0000000720c00000, 0x0000000800000000)
  region size 2048K, 11 young (22528K), 0 survivors (0K)
 Metaspace       used 5626K, committed 5760K, reserved 1056768K
  class space    used 648K, committed 704K, reserved 1048576K
}
Event: 0.501 GC heap after
{Heap after GC invocations=1 (full 0):
 garbage-first heap   total 229376K, used 2921K [0x0000000720c00000, 0x0000000800000000)
  region size 2048K, 2 young (4096K), 2 survivors (4096K)
 Metaspace       used 5626K, committed 5760K, reserved 1056768K
  class space    used 648K, committed 704K, reserved 1048576K
}
Event: 4.111 GC heap before
{Heap before GC invocations=1 (full 0):
 garbage-first heap   total 229376K, used 41833K [0x0000000720c00000, 0x0000000800000000)
  region size 2048K, 19 young (38912K), 2 survivors (4096K)
 Metaspace       used 14784K, committed 14976K, reserved 1064960K
  class space    used 2147K, committed 2240K, reserved 1048576K
}
Event: 4.116 GC heap after
{Heap after GC invocations=2 (full 0):
 garbage-first heap   total 229376K, used 10837K [0x0000000720c00000, 0x0000000800000000)
  region size 2048K, 3 young (6144K), 3 survivors (6144K)
 Metaspace       used 14784K, committed 14976K, reserved 1064960K
  class space    used 2147K, committed 2240K, reserved 1048576K
}
Event: 7.596 GC heap before
{Heap before GC invocations=2 (full 0):
 garbage-first heap   total 229376K, used 25173K [0x0000000720c00000, 0x0000000800000000)
  region size 2048K, 11 young (22528K), 3 survivors (6144K)
 Metaspace       used 21033K, committed 21248K, reserved 1073152K
  class space    used 2834K, committed 2944K, reserved 1048576K
}
Event: 7.601 GC heap after
{Heap after GC invocations=3 (full 0):
 garbage-first heap   total 229376K, used 13926K [0x0000000720c00000, 0x0000000800000000)
  region size 2048K, 5 young (10240K), 5 survivors (10240K)
 Metaspace       used 21033K, committed 21248K, reserved 1073152K
  class space    used 2834K, committed 2944K, reserved 1048576K
}
Event: 8.240 GC heap before
{Heap before GC invocations=4 (full 0):
 garbage-first heap   total 61440K, used 56934K [0x0000000720c00000, 0x0000000800000000)
  region size 2048K, 18 young (36864K), 5 survivors (10240K)
 Metaspace       used 26064K, committed 26368K, reserved 1073152K
  class space    used 3556K, committed 3712K, reserved 1048576K
}
Event: 8.249 GC heap after
{Heap after GC invocations=5 (full 0):
 garbage-first heap   total 73728K, used 33560K [0x0000000720c00000, 0x0000000800000000)
  region size 2048K, 3 young (6144K), 3 survivors (6144K)
 Metaspace       used 26064K, committed 26368K, reserved 1073152K
  class space    used 3556K, committed 3712K, reserved 1048576K
}
Event: 37.340 GC heap before
{Heap before GC invocations=5 (full 0):
 garbage-first heap   total 73728K, used 54040K [0x0000000720c00000, 0x0000000800000000)
  region size 2048K, 12 young (24576K), 3 survivors (6144K)
 Metaspace       used 27342K, committed 27584K, reserved 1073152K
  class space    used 3589K, committed 3712K, reserved 1048576K
}
Event: 37.346 GC heap after
{Heap after GC invocations=6 (full 0):
 garbage-first heap   total 73728K, used 40459K [0x0000000720c00000, 0x0000000800000000)
  region size 2048K, 2 young (4096K), 2 survivors (4096K)
 Metaspace       used 27342K, committed 27584K, reserved 1073152K
  class space    used 3589K, committed 3712K, reserved 1048576K
}

