# JRE version: Java(TM) SE Runtime Environment (16.0.2+7) (build 16.0.2+7-67)
# Java VM: Java HotSpot(TM) 64-Bit Server VM (16.0.2+7-67, mixed mode, sharing, tiered, compressed oops, compressed class ptrs, g1 gc, windows-amd64)
GC Precious Log:
 CPUs: 8 total, 8 available
 Memory: 14284M
 Large Page Support: Disabled
 NUMA Support: Disabled
 Compressed Oops: Enabled (Zero based)
 Heap Region Size: 2M
 Heap Min Capacity: 8M
 Heap Initial Capacity: 224M
 Heap Max Capacity: 3572M
 Pre-touch: Disabled
 Parallel Workers: 8
 Concurrent Workers: 2
 Concurrent Refinement Workers: 8
 Periodic GC: Disabled
Heap:
 garbage-first heap   total 75776K, used 40387K [0x0000000720c00000, 0x0000000800000000)
  region size 2048K, 3 young (6144K), 2 survivors (4096K)
 Metaspace       used 27357K, committed 27584K, reserved 1073152K
  class space    used 3590K, committed 3712K, reserved 1048576K
GC Heap History (10 events):
Event: 0.462 GC heap before
{Heap before GC invocations=0 (full 0):
 garbage-first heap   total 229376K, used 22528K [0x0000000720c00000, 0x0000000800000000)
  region size 2048K, 11 young (22528K), 0 survivors (0K)
 Metaspace       used 5692K, committed 5888K, reserved 1056768K
  class space    used 661K, committed 768K, reserved 1048576K
}
Event: 0.465 GC heap after
{Heap after GC invocations=1 (full 0):
 garbage-first heap   total 229376K, used 2967K [0x0000000720c00000, 0x0000000800000000)
  region size 2048K, 2 young (4096K), 2 survivors (4096K)
 Metaspace       used 5692K, committed 5888K, reserved 1056768K
  class space    used 661K, committed 768K, reserved 1048576K
}
Event: 6.171 GC heap before
{Heap before GC invocations=1 (full 0):
 garbage-first heap   total 229376K, used 41879K [0x0000000720c00000, 0x0000000800000000)
  region size 2048K, 19 young (38912K), 2 survivors (4096K)
 Metaspace       used 14824K, committed 15040K, reserved 1064960K
  class space    used 2144K, committed 2240K, reserved 1048576K
}
Event: 6.176 GC heap after
{Heap after GC invocations=2 (full 0):
 garbage-first heap   total 229376K, used 10826K [0x0000000720c00000, 0x0000000800000000)
  region size 2048K, 3 young (6144K), 3 survivors (6144K)
 Metaspace       used 14824K, committed 15040K, reserved 1064960K
  class space    used 2144K, committed 2240K, reserved 1048576K
}
Event: 11.382 GC heap before
{Heap before GC invocations=2 (full 0):
 garbage-first heap   total 229376K, used 27210K [0x0000000720c00000, 0x0000000800000000)
  region size 2048K, 12 young (24576K), 3 survivors (6144K)
 Metaspace       used 21048K, committed 21248K, reserved 1073152K
  class space    used 2827K, committed 2944K, reserved 1048576K
}
Event: 11.386 GC heap after
{Heap after GC invocations=3 (full 0):
 garbage-first heap   total 229376K, used 14277K [0x0000000720c00000, 0x0000000800000000)
  region size 2048K, 5 young (10240K), 5 survivors (10240K)
 Metaspace       used 21048K, committed 21248K, reserved 1073152K
  class space    used 2827K, committed 2944K, reserved 1048576K
}
Event: 12.033 GC heap before
{Heap before GC invocations=4 (full 0):
 garbage-first heap   total 61440K, used 57285K [0x0000000720c00000, 0x0000000800000000)
  region size 2048K, 18 young (36864K), 5 survivors (10240K)
 Metaspace       used 26202K, committed 26432K, reserved 1073152K
  class space    used 3567K, committed 3648K, reserved 1048576K
}
Event: 12.041 GC heap after
{Heap after GC invocations=5 (full 0):
 garbage-first heap   total 73728K, used 34343K [0x0000000720c00000, 0x0000000800000000)
  region size 2048K, 2 young (4096K), 2 survivors (4096K)
 Metaspace       used 26202K, committed 26432K, reserved 1073152K
  class space    used 3567K, committed 3648K, reserved 1048576K
}
Event: 14.178 GC heap before
{Heap before GC invocations=5 (full 0):
 garbage-first heap   total 73728K, used 48679K [0x0000000720c00000, 0x0000000800000000)
  region size 2048K, 10 young (20480K), 2 survivors (4096K)
 Metaspace       used 27271K, committed 27520K, reserved 1073152K
  class space    used 3587K, committed 3712K, reserved 1048576K
}
Event: 14.185 GC heap after
{Heap after GC invocations=6 (full 0):
 garbage-first heap   total 73728K, used 38339K [0x0000000720c00000, 0x0000000800000000)
  region size 2048K, 2 young (4096K), 2 survivors (4096K)
 Metaspace       used 27271K, committed 27520K, reserved 1073152K
  class space    used 3587K, committed 3712K, reserved 1048576K
}

